2023-02-12 22:58:50: LOG: Import: C:/Users/ziyul/OneDrive/桌面/12.fbx
2023-02-12 22:59:44: LOG: Import: C:/Users/ziyul/OneDrive/桌面/12.fbx
2023-02-26 23:53:21: LOG: Import: C:/Users/ziyul/Documents/WeChat Files/ziyuliu98/FileStorage/File/2023-02/NailGun2D.fbx
2023-02-26 23:54:11: LOG: Import: C:/Users/ziyul/Documents/WeChat Files/ziyuliu98/FileStorage/File/2023-02/LaseGun2D.fbx
2023-02-26 23:57:41: LOG: Import: C:/Users/ziyul/Documents/WeChat Files/ziyuliu98/FileStorage/File/2023-02/LaseGun2D.fbx
2023-02-26 23:58:35: LOG: Import: C:/Users/ziyul/Documents/WeChat Files/ziyuliu98/FileStorage/File/2023-02/LaseGun2D.fbx
2023-02-27 23:15:47: LOG: Import: C:/Users/ziyul/Downloads/Female Dance Pose.fbx
2023-02-27 23:16:51: LOG: Import: C:/Users/ziyul/Downloads/Female Dance Pose.fbx
2023-02-27 23:20:09: LOG: Import: C:/Users/ziyul/Downloads/Female Dance Pose (1).fbx
2023-03-01 00:48:57: LOG: Import: C:/Users/ziyul/Downloads/Female_Action_Pose_1 (1).fbx
2023-03-01 01:12:16: LOG: Import: C:/Users/ziyul/Downloads/Female_Action_Pose_1 (1).fbx
2023-03-01 07:11:16: LOG: Import: H:/Alex Liu/Homeworks/Grad Hw/2022 spring/New folder (4)/strat.fbx
2023-03-14 02:24:48: LOG: Import: C:/Users/ziyul/Downloads/ImageToStl.com_tci+si_3d/ImageToStl.com_tci si_3d.fbx
2023-03-14 02:47:25: LOG: Import: C:/Users/ziyul/Downloads/uploads_files_3999199_fbx_free/fbx_free/free_head.fbx
2023-03-14 03:13:49: LOG: Import: C:/Users/ziyul/Downloads/uploads_files_3999199_fbx_free/fbx_free/free_head.fbx
2023-03-26 19:07:34: LOG: Import: C:/Users/ziyul/Downloads/Weapon Animation/Weapon Animation/ShotGun Animation/Ani Shotgun_idle.fbx
2023-04-05 00:31:45: LOG: Import: C:/Users/ziyul/Downloads/vtuber.fbx
2023-04-05 00:42:32: LOG: Import: C:/Users/ziyul/Downloads/vtuber.fbx
2023-04-05 01:04:22: LOG: Import: C:/Users/ziyul/Downloads/vtuber.fbx
2023-04-05 19:16:37: LOG: Import: C:/Users/ziyul/OneDrive/桌面/SM_ProtoTypeSkls.FBX
2023-04-06 01:36:25: LOG: Import: C:/Users/ziyul/OneDrive/桌面/board.fbx
2023-04-07 01:42:57: LOG: Import: C:/Users/ziyul/OneDrive/桌面/vtuber.fbx
2023-04-20 21:36:25: LOG: Import: C:/Users/ziyul/OneDrive/桌面/ANimation Reposition/Ani_NailGun_Draw_Anim.FBX
2023-04-20 21:43:03: LOG: Import: C:/Users/ziyul/OneDrive/桌面/ANimation Reposition/Ani_NailGun_Idle_Anim.FBX
2023-04-20 21:50:17: LOG: Import: C:/Users/ziyul/OneDrive/桌面/ANimation Reposition/Ani_NailGun_FIre_Anim.FBX
2023-04-20 21:53:12: LOG: Import: C:/Users/ziyul/OneDrive/桌面/ANimation Reposition/Ani_NailGun_Jump_Stage_1_Anim.FBX
2023-04-20 21:54:31: LOG: Import: C:/Users/ziyul/OneDrive/桌面/ANimation Reposition/Ani_NailGun_Jump_stage_2_Anim.FBX
2023-04-20 21:56:43: LOG: Import: C:/Users/ziyul/OneDrive/桌面/ANimation Reposition/Ani_NailGun_Jump_Stage_3_Anim.FBX
2023-04-20 21:57:45: LOG: Import: C:/Users/ziyul/OneDrive/桌面/ANimation Reposition/Ani_NailGun_Jump_Stage_1_Anim.FBX
2023-04-20 21:58:14: LOG: Import: C:/Users/ziyul/OneDrive/桌面/ANimation Reposition/Ani_NailGun_Jump_stage_2_Anim.FBX
2023-04-20 21:58:32: LOG: Import: C:/Users/ziyul/OneDrive/桌面/ANimation Reposition/Ani_NailGun_Idle_Anim.FBX
2023-04-20 21:59:37: LOG: Import: C:/Users/ziyul/OneDrive/桌面/ANimation Reposition/Ani_NailGun_FIre_Anim.FBX
2023-04-20 22:00:09: LOG: Import: C:/Users/ziyul/OneDrive/桌面/ANimation Reposition/Ani_NailGun_Draw_Anim.FBX
2023-04-20 22:01:00: LOG: Import: C:/Users/ziyul/OneDrive/桌面/ANimation Reposition/Ani_NailGun_Jump_Stage_3_Anim.FBX
2023-04-20 22:06:06: LOG: Import: C:/Users/ziyul/OneDrive/桌面/ANimation Reposition/Ani_NailGun_Run_Anim.FBX
2023-04-20 22:08:45: LOG: Import: C:/Users/ziyul/OneDrive/桌面/ANimation Reposition/Ani_NailGun_Undraw_Anim.FBX
2023-04-20 22:13:13: LOG: Import: C:/Users/ziyul/OneDrive/桌面/ANimation Reposition/Ani_NailGun_Jump_stage_2_Anim.FBX
2023-04-20 22:20:35: LOG: Import: C:/Users/ziyul/OneDrive/桌面/ANimation Reposition/Ani_NailGun_Draw_Anim.FBX
2023-04-20 22:21:49: LOG: Import: C:/Users/ziyul/OneDrive/桌面/ANimation Reposition/Ani_NailGun_FIre_Anim.FBX
2023-04-20 22:22:37: LOG: Import: C:/Users/ziyul/OneDrive/桌面/ANimation Reposition/Ani_NailGun_Jump_Stage_1_Anim.FBX
2023-04-20 22:25:19: LOG: Import: C:/Users/ziyul/OneDrive/桌面/ANimation Reposition/Ani_NailGun_Jump_stage_2_Anim.FBX
2023-04-20 22:26:20: LOG: Import: C:/Users/ziyul/OneDrive/桌面/ANimation Reposition/Ani_NailGun_Jump_Stage_1_Anim.FBX
2023-04-20 22:26:31: LOG: Import: C:/Users/ziyul/OneDrive/桌面/ANimation Reposition/Ani_NailGun_Jump_Stage_3_Anim.FBX
2023-04-20 22:27:24: LOG: Import: C:/Users/ziyul/OneDrive/桌面/ANimation Reposition/Ani_NailGun_Undraw_Anim.FBX
2023-04-20 22:27:53: LOG: Import: C:/Users/ziyul/OneDrive/桌面/ANimation Reposition/Ani_NailGun_Jump_stage_2_Anim.FBX
2023-04-20 22:28:21: LOG: Import: C:/Users/ziyul/OneDrive/桌面/ANimation Reposition/Ani_NailGun_Jump_Stage_1_Anim.FBX
2023-04-20 22:28:30: LOG: Import: C:/Users/ziyul/OneDrive/桌面/ANimation Reposition/Ani_NailGun_Idle_Anim.FBX
2023-04-20 22:29:40: LOG: Import: C:/Users/ziyul/OneDrive/桌面/ANimation Reposition/Ani_NailGun_Jump_stage_2_Anim.FBX
2023-04-20 22:30:31: LOG: Import: C:/Users/ziyul/OneDrive/桌面/ANimation Reposition/Ani_NailGun_Run_AnimOG.FBX
2023-04-20 22:32:23: LOG: Import: C:/Users/ziyul/OneDrive/桌面/ANimation Reposition/Ani_NailGun_Jump_stage_2_Anim.FBX
2023-04-20 22:32:35: LOG: Import: C:/Users/ziyul/OneDrive/桌面/ANimation Reposition/Ani_NailGun_Jump_Stage_3_Anim.FBX
2023-04-20 22:36:09: LOG: Import: C:/Users/ziyul/Downloads/Ani_NailGun_Jump_stage_2_Anim.FBX
2023-04-20 23:02:06: LOG: Import: C:/Users/ziyul/OneDrive/桌面/ANimation Reposition/Ani_NailGun_Idle_Anim.FBX
2023-04-20 23:05:06: LOG: Import: C:/Users/ziyul/OneDrive/桌面/ANimation Reposition/Ani_NailGun_Draw_Anim.FBX
2023-04-20 23:09:36: LOG: Import: C:/Users/ziyul/OneDrive/桌面/ANimation Reposition/Ani_NailGun_FIre_Anim.FBX
2023-04-20 23:30:38: LOG: Import: C:/Users/ziyul/Downloads/Ani_NailGun_Run.fbx
2023-04-20 23:31:46: LOG: Import: C:/Users/ziyul/Downloads/Ani_NailGun_Run.fbx
2023-04-20 23:32:40: LOG: Import: C:/Users/ziyul/OneDrive/桌面/ANimation Reposition/Ani_NailGun_Run1_Anim.FBX
2023-04-20 23:57:35: LOG: Import: C:/Users/ziyul/Downloads/Ani_Pistol_Undraw (1).fbx
2023-04-21 00:54:21: LOG: Import: C:/Users/ziyul/OneDrive/桌面/SM_lighthouse.fbx
2023-04-30 17:13:02: LOG: Import: C:/Users/ziyul/Downloads/mammoth (1) (1)/Detailed/fbx, obj, glb/embed.fbx
2023-04-30 20:03:54: LOG: Import: C:/Users/ziyul/Downloads/mammoth (1) (1)/Detailed/fbx, obj, glb/embed.fbx
2023-04-30 23:10:28: LOG: Import: C:/Users/ziyul/Downloads/mammoth (1) (1)/Detailed/fbx, obj, glb/embed.fbx
2023-04-30 23:10:41: LOG: Import: C:/Users/ziyul/Downloads/mammoth (1) (1)/Detailed/fbx, obj, glb/embed.fbx
2023-09-28 21:38:28: LOG: Import: C:/Users/ziyul/Downloads/campus_art_works_20230921_16952687074948/2023雷火秋招测试_绑定/bman.fbx
